[2023-06-26 07:05:49] development.DEBUG: Message-ID: <78daa3eaead98f418d6548de1c5d27c1@localhost>
Date: Mon, 26 Jun 2023 07:05:47 +0000
Subject: [Rvoize] Verify Register
From: Rvoize <rvoize1@gmail.com>
To: candidate@itsjiff.com
MIME-Version: 1.0
Content-Type: text/html; charset=utf-8
Content-Transfer-Encoding: quoted-printable

<!DOCTYPE html>
<html xmlns="http://www.w3.org/1999/xhtml" xmlns:v="urn:schemas-microsoft-com:vml" xmlns:o="urn:schemas-microsoft-com:office:office">
    <head>
        <title></title>
        <meta http-equiv="X-UA-Compatible" content="IE=edge">
        <!--<![endif]-->
        <meta http-equiv="Content-Type" content="text/html; charset=UTF-8">
        <meta name="viewport" content="width=device-width, initial-scale=1">
        <link rel="stylesheet" id="google-font-css-css" href="https://fonts.googleapis.com/css?family=Poppins%3A400%2C500%2C600" type="text/css" media="all">
    <style type="text/css">@media screen and (max-width: 768px){.b-panel{padding: 15px;}.b-email-wrap{padding: 0px;}}</style>
</head>
    <body>
        <div class="b-email-wrap" style='background: #ebeef2; padding: 40px 0px; color: #1a2b48; font-size: 14px; font-weight: normal; line-height: 1.5; overflow-x: hidden; margin: 0px; font-family: "Poppins",sans-serif;'>
            <div class="" style="">
    <div class="b-container" style="max-width: 600px; margin: 0px auto;">
        <div class="b-header" style="padding: 30px; color: white; background: #292772;">
                        <h1 class="site-title" style="margin: 0px; display: block; text-align: center;">Rvoize</h1>
        </div>
    </div>
</div>

                <div class="b-container" style="max-width: 600px; margin: 0px auto;">
        <div class="b-panel" style="border: 1px solid rgba(0,0,0,.1); margin-bottom: 30px; padding: 30px; background: white;">
            
            <h1>Hello!</h1>
            <p>Please click the button to verify your email address!</p>
            <p style="text-align: center;"><a href="http://localhost/rvoize/public/email/verify/23/7a66b68473c16ed11e60025e4bff750dd6dc8f06?expires=1687766746&amp;signature=5aaf525146a55ff59306d09d52a68a8fd16c42945750e252c4d9c9fd64f8d334" style="border-radius: 3px; color: #fff; display: inline-block; text-decoration: none; background-color: #3490dc; border-top: 10px solid #3490dc; border-right: 18px solid #3490dc; border-bottom: 10px solid #3490dc; border-left: 18px solid #3490dc;">Verify Email Address</a></p>
            <p>If you did not create account, no further action is required.</p>
            <p>Regards,<br>Rvoize</p>
        </div>
    </div>

            <div class="b-footer" style="margin-top: 0px;">
    <div class="b-container" style="max-width: 600px; margin: 0px auto;">
        <p class="" style="text-align: center;">© 2023 Rvoize. All rights reserved</p>
    </div>
</div>        </div>
    </body>
</html>
  
[2023-06-26 07:05:49] development.DEBUG: Message-ID: <185288054de06c340c24089984d1c4c1@localhost>
Date: Mon, 26 Jun 2023 07:05:49 +0000
Subject: Shameem Ansari has registered.
From: Rvoize <rvoize1@gmail.com>
To: candidate@itsjiff.com
MIME-Version: 1.0
Content-Type: text/html; charset=utf-8
Content-Transfer-Encoding: quoted-printable

<!DOCTYPE html>
<html xmlns="http://www.w3.org/1999/xhtml" xmlns:v="urn:schemas-microsoft-com:vml" xmlns:o="urn:schemas-microsoft-com:office:office">
    <head>
        <title></title>
        <meta http-equiv="X-UA-Compatible" content="IE=edge">
        <!--<![endif]-->
        <meta http-equiv="Content-Type" content="text/html; charset=UTF-8">
        <meta name="viewport" content="width=device-width, initial-scale=1">
        <link rel="stylesheet" id="google-font-css-css" href="https://fonts.googleapis.com/css?family=Poppins%3A400%2C500%2C600" type="text/css" media="all">
    <style type="text/css">@media screen and (max-width: 768px){.b-panel{padding: 15px;}.b-email-wrap{padding: 0px;}}</style>
</head>
    <body>
        <div class="b-email-wrap" style='background: #ebeef2; padding: 40px 0px; color: #1a2b48; font-size: 14px; font-weight: normal; line-height: 1.5; overflow-x: hidden; margin: 0px; font-family: "Poppins",sans-serif;'>
            <div class="" style="">
    <div class="b-container" style="max-width: 600px; margin: 0px auto;">
        <div class="b-header" style="padding: 30px; color: white; background: #292772;">
                        <h1 class="site-title" style="margin: 0px; display: block; text-align: center;">Rvoize</h1>
        </div>
    </div>
</div>

                <div class="b-container" style="max-width: 600px; margin: 0px auto;">
        <div class="b-panel" style="border: 1px solid rgba(0,0,0,.1); margin-bottom: 30px; padding: 30px; background: white;">
            <h1 style="text-align: center;">Welcome!</h1>
                    <h3>Hello Shameem Ansari</h3>
                    <p>Thank you for signing up with Superio! We hope you enjoy your time with us.</p>
                    <p>Regards,</p>
                    <p>Superio</p>
        </div>
    </div>

            <div class="b-footer" style="margin-top: 0px;">
    <div class="b-container" style="max-width: 600px; margin: 0px auto;">
        <p class="" style="text-align: center;">© 2023 Rvoize. All rights reserved</p>
    </div>
</div>        </div>
    </body>
</html>
  
[2023-06-26 07:05:49] development.DEBUG: Message-ID: <b18db012a679db7b58e1453796e8468f@localhost>
Date: Mon, 26 Jun 2023 07:05:49 +0000
Subject: Shameem Ansari has registered.
From: Rvoize <rvoize1@gmail.com>
To: rvoize1@gmail.com
MIME-Version: 1.0
Content-Type: text/html; charset=utf-8
Content-Transfer-Encoding: quoted-printable

<!DOCTYPE html>
<html xmlns="http://www.w3.org/1999/xhtml" xmlns:v="urn:schemas-microsoft-com:vml" xmlns:o="urn:schemas-microsoft-com:office:office">
    <head>
        <title></title>
        <meta http-equiv="X-UA-Compatible" content="IE=edge">
        <!--<![endif]-->
        <meta http-equiv="Content-Type" content="text/html; charset=UTF-8">
        <meta name="viewport" content="width=device-width, initial-scale=1">
        <link rel="stylesheet" id="google-font-css-css" href="https://fonts.googleapis.com/css?family=Poppins%3A400%2C500%2C600" type="text/css" media="all">
    <style type="text/css">@media screen and (max-width: 768px){.b-panel{padding: 15px;}.b-email-wrap{padding: 0px;}}</style>
</head>
    <body>
        <div class="b-email-wrap" style='background: #ebeef2; padding: 40px 0px; color: #1a2b48; font-size: 14px; font-weight: normal; line-height: 1.5; overflow-x: hidden; margin: 0px; font-family: "Poppins",sans-serif;'>
            <div class="" style="">
    <div class="b-container" style="max-width: 600px; margin: 0px auto;">
        <div class="b-header" style="padding: 30px; color: white; background: #292772;">
                        <h1 class="site-title" style="margin: 0px; display: block; text-align: center;">Rvoize</h1>
        </div>
    </div>
</div>

                <div class="b-container" style="max-width: 600px; margin: 0px auto;">
        <div class="b-panel" style="border: 1px solid rgba(0,0,0,.1); margin-bottom: 30px; padding: 30px; background: white;">
            <h3>Hello Administrator</h3>
                    <p>We have new registration</p>
                    <p>Full name: Shameem Ansari</p>
                    <p>Email: candidate@itsjiff.com</p>
                    <p>Regards,</p>
                    <p>Superio</p>
        </div>
    </div>

            <div class="b-footer" style="margin-top: 0px;">
    <div class="b-container" style="max-width: 600px; margin: 0px auto;">
        <p class="" style="text-align: center;">© 2023 Rvoize. All rights reserved</p>
    </div>
</div>        </div>
    </body>
</html>
  
[2023-06-26 07:48:41] development.ERROR: Uncaught ReflectionException: Class "Spatie\Permission\Middlewares\RoleMiddleware" does not exist in Command line code:1
Stack trace:
#0 Command line code(1): ReflectionMethod->__construct('Spatie\\Permissi...', 'handle')
#1 {main}
  thrown {"exception":"[object] (Symfony\\Component\\ErrorHandler\\Error\\FatalError(code: 0): Uncaught ReflectionException: Class \"Spatie\\Permission\\Middlewares\\RoleMiddleware\" does not exist in Command line code:1
Stack trace:
#0 Command line code(1): ReflectionMethod->__construct('Spatie\\\\Permissi...', 'handle')
#1 {main}
  thrown at Command line code:1)
[stacktrace]
#0 {main}
"} 
[2023-06-26 08:30:08] development.DEBUG: Message-ID: <1de0bae938cb382f1a6825108c030b6d@localhost>
Date: Mon, 26 Jun 2023 08:30:08 +0000
Subject: [Rvoize] Verify Register
From: Rvoize <rvoize1@gmail.com>
To: company@itsjiff.com
MIME-Version: 1.0
Content-Type: text/html; charset=utf-8
Content-Transfer-Encoding: quoted-printable

<!DOCTYPE html>
<html xmlns="http://www.w3.org/1999/xhtml" xmlns:v="urn:schemas-microsoft-com:vml" xmlns:o="urn:schemas-microsoft-com:office:office">
    <head>
        <title></title>
        <meta http-equiv="X-UA-Compatible" content="IE=edge">
        <!--<![endif]-->
        <meta http-equiv="Content-Type" content="text/html; charset=UTF-8">
        <meta name="viewport" content="width=device-width, initial-scale=1">
        <link rel="stylesheet" id="google-font-css-css" href="https://fonts.googleapis.com/css?family=Poppins%3A400%2C500%2C600" type="text/css" media="all">
    <style type="text/css">@media screen and (max-width: 768px){.b-panel{padding: 15px;}.b-email-wrap{padding: 0px;}}</style>
</head>
    <body>
        <div class="b-email-wrap" style='background: #ebeef2; padding: 40px 0px; color: #1a2b48; font-size: 14px; font-weight: normal; line-height: 1.5; overflow-x: hidden; margin: 0px; font-family: "Poppins",sans-serif;'>
            <div class="" style="">
    <div class="b-container" style="max-width: 600px; margin: 0px auto;">
        <div class="b-header" style="padding: 30px; color: white; background: #292772;">
                        <h1 class="site-title" style="margin: 0px; display: block; text-align: center;">Rvoize</h1>
        </div>
    </div>
</div>

                <div class="b-container" style="max-width: 600px; margin: 0px auto;">
        <div class="b-panel" style="border: 1px solid rgba(0,0,0,.1); margin-bottom: 30px; padding: 30px; background: white;">
            
            <h1>Hello!</h1>
            <p>Please click the button to verify your email address!</p>
            <p style="text-align: center;"><a href="http://localhost/rvoize/public/email/verify/24/6f4fdbf16540f3bf9041f7b219a928be80dcbbdb?expires=1687771808&amp;signature=563ad313edcfda005927b7556382f34646b71571cff560016491ea9a50496345" style="border-radius: 3px; color: #fff; display: inline-block; text-decoration: none; background-color: #3490dc; border-top: 10px solid #3490dc; border-right: 18px solid #3490dc; border-bottom: 10px solid #3490dc; border-left: 18px solid #3490dc;">Verify Email Address</a></p>
            <p>If you did not create account, no further action is required.</p>
            <p>Regards,<br>Rvoize</p>
        </div>
    </div>

            <div class="b-footer" style="margin-top: 0px;">
    <div class="b-container" style="max-width: 600px; margin: 0px auto;">
        <p class="" style="text-align: center;">© 2023 Rvoize. All rights reserved</p>
    </div>
</div>        </div>
    </body>
</html>
  
[2023-06-26 08:30:08] development.DEBUG: Message-ID: <d899809a3106c79720b04f465410dc67@localhost>
Date: Mon, 26 Jun 2023 08:30:08 +0000
Subject: Artisans Intelligence has registered.
From: Rvoize <rvoize1@gmail.com>
To: company@itsjiff.com
MIME-Version: 1.0
Content-Type: text/html; charset=utf-8
Content-Transfer-Encoding: quoted-printable

<!DOCTYPE html>
<html xmlns="http://www.w3.org/1999/xhtml" xmlns:v="urn:schemas-microsoft-com:vml" xmlns:o="urn:schemas-microsoft-com:office:office">
    <head>
        <title></title>
        <meta http-equiv="X-UA-Compatible" content="IE=edge">
        <!--<![endif]-->
        <meta http-equiv="Content-Type" content="text/html; charset=UTF-8">
        <meta name="viewport" content="width=device-width, initial-scale=1">
        <link rel="stylesheet" id="google-font-css-css" href="https://fonts.googleapis.com/css?family=Poppins%3A400%2C500%2C600" type="text/css" media="all">
    <style type="text/css">@media screen and (max-width: 768px){.b-panel{padding: 15px;}.b-email-wrap{padding: 0px;}}</style>
</head>
    <body>
        <div class="b-email-wrap" style='background: #ebeef2; padding: 40px 0px; color: #1a2b48; font-size: 14px; font-weight: normal; line-height: 1.5; overflow-x: hidden; margin: 0px; font-family: "Poppins",sans-serif;'>
            <div class="" style="">
    <div class="b-container" style="max-width: 600px; margin: 0px auto;">
        <div class="b-header" style="padding: 30px; color: white; background: #292772;">
                        <h1 class="site-title" style="margin: 0px; display: block; text-align: center;">Rvoize</h1>
        </div>
    </div>
</div>

                <div class="b-container" style="max-width: 600px; margin: 0px auto;">
        <div class="b-panel" style="border: 1px solid rgba(0,0,0,.1); margin-bottom: 30px; padding: 30px; background: white;">
            <h1 style="text-align: center;">Welcome!</h1>
                    <h3>Hello Artisans Intelligence</h3>
                    <p>Thank you for signing up with Superio! We hope you enjoy your time with us.</p>
                    <p>Regards,</p>
                    <p>Superio</p>
        </div>
    </div>

            <div class="b-footer" style="margin-top: 0px;">
    <div class="b-container" style="max-width: 600px; margin: 0px auto;">
        <p class="" style="text-align: center;">© 2023 Rvoize. All rights reserved</p>
    </div>
</div>        </div>
    </body>
</html>
  
[2023-06-26 08:30:08] development.DEBUG: Message-ID: <57403b28eff3e2ced0a155ac3470725e@localhost>
Date: Mon, 26 Jun 2023 08:30:08 +0000
Subject: Artisans Intelligence has registered.
From: Rvoize <rvoize1@gmail.com>
To: rvoize1@gmail.com
MIME-Version: 1.0
Content-Type: text/html; charset=utf-8
Content-Transfer-Encoding: quoted-printable

<!DOCTYPE html>
<html xmlns="http://www.w3.org/1999/xhtml" xmlns:v="urn:schemas-microsoft-com:vml" xmlns:o="urn:schemas-microsoft-com:office:office">
    <head>
        <title></title>
        <meta http-equiv="X-UA-Compatible" content="IE=edge">
        <!--<![endif]-->
        <meta http-equiv="Content-Type" content="text/html; charset=UTF-8">
        <meta name="viewport" content="width=device-width, initial-scale=1">
        <link rel="stylesheet" id="google-font-css-css" href="https://fonts.googleapis.com/css?family=Poppins%3A400%2C500%2C600" type="text/css" media="all">
    <style type="text/css">@media screen and (max-width: 768px){.b-panel{padding: 15px;}.b-email-wrap{padding: 0px;}}</style>
</head>
    <body>
        <div class="b-email-wrap" style='background: #ebeef2; padding: 40px 0px; color: #1a2b48; font-size: 14px; font-weight: normal; line-height: 1.5; overflow-x: hidden; margin: 0px; font-family: "Poppins",sans-serif;'>
            <div class="" style="">
    <div class="b-container" style="max-width: 600px; margin: 0px auto;">
        <div class="b-header" style="padding: 30px; color: white; background: #292772;">
                        <h1 class="site-title" style="margin: 0px; display: block; text-align: center;">Rvoize</h1>
        </div>
    </div>
</div>

                <div class="b-container" style="max-width: 600px; margin: 0px auto;">
        <div class="b-panel" style="border: 1px solid rgba(0,0,0,.1); margin-bottom: 30px; padding: 30px; background: white;">
            <h3>Hello Administrator</h3>
                    <p>We have new registration</p>
                    <p>Full name: Artisans Intelligence</p>
                    <p>Email: company@itsjiff.com</p>
                    <p>Regards,</p>
                    <p>Superio</p>
        </div>
    </div>

            <div class="b-footer" style="margin-top: 0px;">
    <div class="b-container" style="max-width: 600px; margin: 0px auto;">
        <p class="" style="text-align: center;">© 2023 Rvoize. All rights reserved</p>
    </div>
</div>        </div>
    </body>
</html>
  
