[2023-07-06 05:17:55] production.ERROR: SQLSTATE[HY000] [1045] Access denied for user 'root'@'localhost' (using password: NO) (SQL: select * from `core_settings` where `name` = site_locale limit 1) {"exception":"[object] (Illuminate\\Database\\QueryException(code: 1045): SQLSTATE[HY000] [1045] Access denied for user 'root'@'localhost' (using password: NO) (SQL: select * from `core_settings` where `name` = site_locale limit 1) at /home/customer/www/sahila35.sg-host.com/public_html/vendor/laravel/framework/src/Illuminate/Database/Connection.php:712)
[stacktrace]
#0 /home/customer/www/sahila35.sg-host.com/public_html/vendor/laravel/framework/src/Illuminate/Database/Connection.php(672): Illuminate\\Database\\Connection->runQueryCallback('select * from `...', Array, Object(Closure))
#1 /home/customer/www/sahila35.sg-host.com/public_html/vendor/laravel/framework/src/Illuminate/Database/Connection.php(376): Illuminate\\Database\\Connection->run('select * from `...', Array, Object(Closure))
#2 /home/customer/www/sahila35.sg-host.com/public_html/vendor/laravel/framework/src/Illuminate/Database/Query/Builder.php(2414): Illuminate\\Database\\Connection->select('select * from `...', Array, true)
#3 /home/customer/www/sahila35.sg-host.com/public_html/vendor/laravel/framework/src/Illuminate/Database/Query/Builder.php(2402): Illuminate\\Database\\Query\\Builder->runSelect()
#4 /home/customer/www/sahila35.sg-host.com/public_html/vendor/laravel/framework/src/Illuminate/Database/Query/Builder.php(2936): Illuminate\\Database\\Query\\Builder->Illuminate\\Database\\Query\\{closure}()
#5 /home/customer/www/sahila35.sg-host.com/public_html/vendor/laravel/framework/src/Illuminate/Database/Query/Builder.php(2403): Illuminate\\Database\\Query\\Builder->onceWithColumns(Array, Object(Closure))
#6 /home/customer/www/sahila35.sg-host.com/public_html/vendor/laravel/framework/src/Illuminate/Database/Eloquent/Builder.php(625): Illuminate\\Database\\Query\\Builder->get(Array)
#7 /home/customer/www/sahila35.sg-host.com/public_html/vendor/laravel/framework/src/Illuminate/Database/Eloquent/Builder.php(609): Illuminate\\Database\\Eloquent\\Builder->getModels(Array)
#8 /home/customer/www/sahila35.sg-host.com/public_html/vendor/laravel/framework/src/Illuminate/Database/Concerns/BuildsQueries.php(294): Illuminate\\Database\\Eloquent\\Builder->get(Array)
#9 /home/customer/www/sahila35.sg-host.com/public_html/modules/Core/Models/Settings.php(32): Illuminate\\Database\\Eloquent\\Builder->first()
#10 /home/customer/www/sahila35.sg-host.com/public_html/vendor/laravel/framework/src/Illuminate/Cache/Repository.php(426): Modules\\Core\\Models\\Settings::Modules\\Core\\Models\\{closure}()
#11 /home/customer/www/sahila35.sg-host.com/public_html/vendor/laravel/framework/src/Illuminate/Cache/CacheManager.php(418): Illuminate\\Cache\\Repository->rememberForever('setting_site_lo...', Object(Closure))
#12 /home/customer/www/sahila35.sg-host.com/public_html/vendor/laravel/framework/src/Illuminate/Support/Facades/Facade.php(261): Illuminate\\Cache\\CacheManager->__call('rememberForever', Array)
#13 /home/customer/www/sahila35.sg-host.com/public_html/modules/Core/Models/Settings.php(34): Illuminate\\Support\\Facades\\Facade::__callStatic('rememberForever', Array)
#14 /home/customer/www/sahila35.sg-host.com/public_html/app/Helpers/AppHelper.php(19): Modules\\Core\\Models\\Settings::item('site_locale', '')
#15 /home/customer/www/sahila35.sg-host.com/public_html/modules/Language/Models/Language.php(33): setting_item('site_locale')
#16 /home/customer/www/sahila35.sg-host.com/public_html/vendor/laravel/framework/src/Illuminate/Cache/Repository.php(426): Modules\\Language\\Models\\Language::Modules\\Language\\Models\\{closure}()
#17 /home/customer/www/sahila35.sg-host.com/public_html/vendor/laravel/framework/src/Illuminate/Cache/CacheManager.php(418): Illuminate\\Cache\\Repository->rememberForever('locale_active_1', Object(Closure))
#18 /home/customer/www/sahila35.sg-host.com/public_html/vendor/laravel/framework/src/Illuminate/Support/Facades/Facade.php(261): Illuminate\\Cache\\CacheManager->__call('rememberForever', Array)
#19 /home/customer/www/sahila35.sg-host.com/public_html/modules/Language/Models/Language.php(34): Illuminate\\Support\\Facades\\Facade::__callStatic('rememberForever', Array)
#20 /home/customer/www/sahila35.sg-host.com/public_html/app/Providers/AppServiceProvider.php(165): Modules\\Language\\Models\\Language::getActive()
#21 /home/customer/www/sahila35.sg-host.com/public_html/app/Providers/AppServiceProvider.php(56): App\\Providers\\AppServiceProvider->setLang()
#22 /home/customer/www/sahila35.sg-host.com/public_html/vendor/laravel/framework/src/Illuminate/Container/BoundMethod.php(36): App\\Providers\\AppServiceProvider->boot(Object(Illuminate\\Http\\Request))
#23 /home/customer/www/sahila35.sg-host.com/public_html/vendor/laravel/framework/src/Illuminate/Container/Util.php(40): Illuminate\\Container\\BoundMethod::Illuminate\\Container\\{closure}()
#24 /home/customer/www/sahila35.sg-host.com/public_html/vendor/laravel/framework/src/Illuminate/Container/BoundMethod.php(93): Illuminate\\Container\\Util::unwrapIfClosure(Object(Closure))
#25 /home/customer/www/sahila35.sg-host.com/public_html/vendor/laravel/framework/src/Illuminate/Container/BoundMethod.php(37): Illuminate\\Container\\BoundMethod::callBoundMethod(Object(Illuminate\\Foundation\\Application), Array, Object(Closure))
#26 /home/customer/www/sahila35.sg-host.com/public_html/vendor/laravel/framework/src/Illuminate/Container/Container.php(653): Illuminate\\Container\\BoundMethod::call(Object(Illuminate\\Foundation\\Application), Array, Array, NULL)
#27 /home/customer/www/sahila35.sg-host.com/public_html/vendor/laravel/framework/src/Illuminate/Foundation/Application.php(924): Illuminate\\Container\\Container->call(Array)
#28 /home/customer/www/sahila35.sg-host.com/public_html/vendor/laravel/framework/src/Illuminate/Foundation/Application.php(905): Illuminate\\Foundation\\Application->bootProvider(Object(App\\Providers\\AppServiceProvider))
#29 [internal function]: Illuminate\\Foundation\\Application->Illuminate\\Foundation\\{closure}(Object(App\\Providers\\AppServiceProvider), 33)
#30 /home/customer/www/sahila35.sg-host.com/public_html/vendor/laravel/framework/src/Illuminate/Foundation/Application.php(906): array_walk(Array, Object(Closure))
#31 /home/customer/www/sahila35.sg-host.com/public_html/vendor/laravel/framework/src/Illuminate/Foundation/Bootstrap/BootProviders.php(17): Illuminate\\Foundation\\Application->boot()
#32 /home/customer/www/sahila35.sg-host.com/public_html/vendor/laravel/framework/src/Illuminate/Foundation/Application.php(237): Illuminate\\Foundation\\Bootstrap\\BootProviders->bootstrap(Object(Illuminate\\Foundation\\Application))
#33 /home/customer/www/sahila35.sg-host.com/public_html/vendor/laravel/framework/src/Illuminate/Foundation/Http/Kernel.php(153): Illuminate\\Foundation\\Application->bootstrapWith(Array)
#34 /home/customer/www/sahila35.sg-host.com/public_html/vendor/laravel/framework/src/Illuminate/Foundation/Http/Kernel.php(137): Illuminate\\Foundation\\Http\\Kernel->bootstrap()
#35 /home/customer/www/sahila35.sg-host.com/public_html/vendor/laravel/framework/src/Illuminate/Foundation/Http/Kernel.php(111): Illuminate\\Foundation\\Http\\Kernel->sendRequestThroughRouter(Object(Illuminate\\Http\\Request))
#36 /home/customer/www/sahila35.sg-host.com/public_html/public/index.php(66): Illuminate\\Foundation\\Http\\Kernel->handle(Object(Illuminate\\Http\\Request))
#37 {main}

[previous exception] [object] (PDOException(code: 1045): SQLSTATE[HY000] [1045] Access denied for user 'root'@'localhost' (using password: NO) at /home/customer/www/sahila35.sg-host.com/public_html/vendor/laravel/framework/src/Illuminate/Database/Connectors/Connector.php:70)
[stacktrace]
#0 /home/customer/www/sahila35.sg-host.com/public_html/vendor/laravel/framework/src/Illuminate/Database/Connectors/Connector.php(70): PDO->__construct('mysql:host=127....', 'root', '', Array)
#1 /home/customer/www/sahila35.sg-host.com/public_html/vendor/laravel/framework/src/Illuminate/Database/Connectors/Connector.php(46): Illuminate\\Database\\Connectors\\Connector->createPdoConnection('mysql:host=127....', 'root', '', Array)
#2 /home/customer/www/sahila35.sg-host.com/public_html/vendor/laravel/framework/src/Illuminate/Database/Connectors/MySqlConnector.php(24): Illuminate\\Database\\Connectors\\Connector->createConnection('mysql:host=127....', Array, Array)
#3 /home/customer/www/sahila35.sg-host.com/public_html/vendor/laravel/framework/src/Illuminate/Database/Connectors/ConnectionFactory.php(184): Illuminate\\Database\\Connectors\\MySqlConnector->connect(Array)
#4 [internal function]: Illuminate\\Database\\Connectors\\ConnectionFactory->Illuminate\\Database\\Connectors\\{closure}()
#5 /home/customer/www/sahila35.sg-host.com/public_html/vendor/laravel/framework/src/Illuminate/Database/Connection.php(1064): call_user_func(Object(Closure))
#6 /home/customer/www/sahila35.sg-host.com/public_html/vendor/laravel/framework/src/Illuminate/Database/Connection.php(1100): Illuminate\\Database\\Connection->getPdo()
#7 /home/customer/www/sahila35.sg-host.com/public_html/vendor/laravel/framework/src/Illuminate/Database/Connection.php(442): Illuminate\\Database\\Connection->getReadPdo()
#8 /home/customer/www/sahila35.sg-host.com/public_html/vendor/laravel/framework/src/Illuminate/Database/Connection.php(368): Illuminate\\Database\\Connection->getPdoForSelect(true)
#9 /home/customer/www/sahila35.sg-host.com/public_html/vendor/laravel/framework/src/Illuminate/Database/Connection.php(705): Illuminate\\Database\\Connection->Illuminate\\Database\\{closure}('select * from `...', Array)
#10 /home/customer/www/sahila35.sg-host.com/public_html/vendor/laravel/framework/src/Illuminate/Database/Connection.php(672): Illuminate\\Database\\Connection->runQueryCallback('select * from `...', Array, Object(Closure))
#11 /home/customer/www/sahila35.sg-host.com/public_html/vendor/laravel/framework/src/Illuminate/Database/Connection.php(376): Illuminate\\Database\\Connection->run('select * from `...', Array, Object(Closure))
#12 /home/customer/www/sahila35.sg-host.com/public_html/vendor/laravel/framework/src/Illuminate/Database/Query/Builder.php(2414): Illuminate\\Database\\Connection->select('select * from `...', Array, true)
#13 /home/customer/www/sahila35.sg-host.com/public_html/vendor/laravel/framework/src/Illuminate/Database/Query/Builder.php(2402): Illuminate\\Database\\Query\\Builder->runSelect()
#14 /home/customer/www/sahila35.sg-host.com/public_html/vendor/laravel/framework/src/Illuminate/Database/Query/Builder.php(2936): Illuminate\\Database\\Query\\Builder->Illuminate\\Database\\Query\\{closure}()
#15 /home/customer/www/sahila35.sg-host.com/public_html/vendor/laravel/framework/src/Illuminate/Database/Query/Builder.php(2403): Illuminate\\Database\\Query\\Builder->onceWithColumns(Array, Object(Closure))
#16 /home/customer/www/sahila35.sg-host.com/public_html/vendor/laravel/framework/src/Illuminate/Database/Eloquent/Builder.php(625): Illuminate\\Database\\Query\\Builder->get(Array)
#17 /home/customer/www/sahila35.sg-host.com/public_html/vendor/laravel/framework/src/Illuminate/Database/Eloquent/Builder.php(609): Illuminate\\Database\\Eloquent\\Builder->getModels(Array)
#18 /home/customer/www/sahila35.sg-host.com/public_html/vendor/laravel/framework/src/Illuminate/Database/Concerns/BuildsQueries.php(294): Illuminate\\Database\\Eloquent\\Builder->get(Array)
#19 /home/customer/www/sahila35.sg-host.com/public_html/modules/Core/Models/Settings.php(32): Illuminate\\Database\\Eloquent\\Builder->first()
#20 /home/customer/www/sahila35.sg-host.com/public_html/vendor/laravel/framework/src/Illuminate/Cache/Repository.php(426): Modules\\Core\\Models\\Settings::Modules\\Core\\Models\\{closure}()
#21 /home/customer/www/sahila35.sg-host.com/public_html/vendor/laravel/framework/src/Illuminate/Cache/CacheManager.php(418): Illuminate\\Cache\\Repository->rememberForever('setting_site_lo...', Object(Closure))
#22 /home/customer/www/sahila35.sg-host.com/public_html/vendor/laravel/framework/src/Illuminate/Support/Facades/Facade.php(261): Illuminate\\Cache\\CacheManager->__call('rememberForever', Array)
#23 /home/customer/www/sahila35.sg-host.com/public_html/modules/Core/Models/Settings.php(34): Illuminate\\Support\\Facades\\Facade::__callStatic('rememberForever', Array)
#24 /home/customer/www/sahila35.sg-host.com/public_html/app/Helpers/AppHelper.php(19): Modules\\Core\\Models\\Settings::item('site_locale', '')
#25 /home/customer/www/sahila35.sg-host.com/public_html/modules/Language/Models/Language.php(33): setting_item('site_locale')
#26 /home/customer/www/sahila35.sg-host.com/public_html/vendor/laravel/framework/src/Illuminate/Cache/Repository.php(426): Modules\\Language\\Models\\Language::Modules\\Language\\Models\\{closure}()
#27 /home/customer/www/sahila35.sg-host.com/public_html/vendor/laravel/framework/src/Illuminate/Cache/CacheManager.php(418): Illuminate\\Cache\\Repository->rememberForever('locale_active_1', Object(Closure))
#28 /home/customer/www/sahila35.sg-host.com/public_html/vendor/laravel/framework/src/Illuminate/Support/Facades/Facade.php(261): Illuminate\\Cache\\CacheManager->__call('rememberForever', Array)
#29 /home/customer/www/sahila35.sg-host.com/public_html/modules/Language/Models/Language.php(34): Illuminate\\Support\\Facades\\Facade::__callStatic('rememberForever', Array)
#30 /home/customer/www/sahila35.sg-host.com/public_html/app/Providers/AppServiceProvider.php(165): Modules\\Language\\Models\\Language::getActive()
#31 /home/customer/www/sahila35.sg-host.com/public_html/app/Providers/AppServiceProvider.php(56): App\\Providers\\AppServiceProvider->setLang()
#32 /home/customer/www/sahila35.sg-host.com/public_html/vendor/laravel/framework/src/Illuminate/Container/BoundMethod.php(36): App\\Providers\\AppServiceProvider->boot(Object(Illuminate\\Http\\Request))
#33 /home/customer/www/sahila35.sg-host.com/public_html/vendor/laravel/framework/src/Illuminate/Container/Util.php(40): Illuminate\\Container\\BoundMethod::Illuminate\\Container\\{closure}()
#34 /home/customer/www/sahila35.sg-host.com/public_html/vendor/laravel/framework/src/Illuminate/Container/BoundMethod.php(93): Illuminate\\Container\\Util::unwrapIfClosure(Object(Closure))
#35 /home/customer/www/sahila35.sg-host.com/public_html/vendor/laravel/framework/src/Illuminate/Container/BoundMethod.php(37): Illuminate\\Container\\BoundMethod::callBoundMethod(Object(Illuminate\\Foundation\\Application), Array, Object(Closure))
#36 /home/customer/www/sahila35.sg-host.com/public_html/vendor/laravel/framework/src/Illuminate/Container/Container.php(653): Illuminate\\Container\\BoundMethod::call(Object(Illuminate\\Foundation\\Application), Array, Array, NULL)
#37 /home/customer/www/sahila35.sg-host.com/public_html/vendor/laravel/framework/src/Illuminate/Foundation/Application.php(924): Illuminate\\Container\\Container->call(Array)
#38 /home/customer/www/sahila35.sg-host.com/public_html/vendor/laravel/framework/src/Illuminate/Foundation/Application.php(905): Illuminate\\Foundation\\Application->bootProvider(Object(App\\Providers\\AppServiceProvider))
#39 [internal function]: Illuminate\\Foundation\\Application->Illuminate\\Foundation\\{closure}(Object(App\\Providers\\AppServiceProvider), 33)
#40 /home/customer/www/sahila35.sg-host.com/public_html/vendor/laravel/framework/src/Illuminate/Foundation/Application.php(906): array_walk(Array, Object(Closure))
#41 /home/customer/www/sahila35.sg-host.com/public_html/vendor/laravel/framework/src/Illuminate/Foundation/Bootstrap/BootProviders.php(17): Illuminate\\Foundation\\Application->boot()
#42 /home/customer/www/sahila35.sg-host.com/public_html/vendor/laravel/framework/src/Illuminate/Foundation/Application.php(237): Illuminate\\Foundation\\Bootstrap\\BootProviders->bootstrap(Object(Illuminate\\Foundation\\Application))
#43 /home/customer/www/sahila35.sg-host.com/public_html/vendor/laravel/framework/src/Illuminate/Foundation/Http/Kernel.php(153): Illuminate\\Foundation\\Application->bootstrapWith(Array)
#44 /home/customer/www/sahila35.sg-host.com/public_html/vendor/laravel/framework/src/Illuminate/Foundation/Http/Kernel.php(137): Illuminate\\Foundation\\Http\\Kernel->bootstrap()
#45 /home/customer/www/sahila35.sg-host.com/public_html/vendor/laravel/framework/src/Illuminate/Foundation/Http/Kernel.php(111): Illuminate\\Foundation\\Http\\Kernel->sendRequestThroughRouter(Object(Illuminate\\Http\\Request))
#46 /home/customer/www/sahila35.sg-host.com/public_html/public/index.php(66): Illuminate\\Foundation\\Http\\Kernel->handle(Object(Illuminate\\Http\\Request))
#47 {main}
"} 
