[2023-06-17 05:29:10] production.DEBUG: Message-ID: <6372379e3d50ef7b820e15c3700d3077@localhost>
Date: Sat, 17 Jun 2023 05:29:09 +0000
Subject: [Rvoize] Verify Register
From: Rvoize <rvoize1@gmail.com>
To: hrishidhumal77@gmail.com
MIME-Version: 1.0
Content-Type: text/html; charset=utf-8
Content-Transfer-Encoding: quoted-printable

<!DOCTYPE html>
<html xmlns="http://www.w3.org/1999/xhtml" xmlns:v="urn:schemas-microsoft-com:vml" xmlns:o="urn:schemas-microsoft-com:office:office">
    <head>
        <title></title>
        <meta http-equiv="X-UA-Compatible" content="IE=edge">
        <!--<![endif]-->
        <meta http-equiv="Content-Type" content="text/html; charset=UTF-8">
        <meta name="viewport" content="width=device-width, initial-scale=1">
        <link rel="stylesheet" id="google-font-css-css" href="https://fonts.googleapis.com/css?family=Poppins%3A400%2C500%2C600" type="text/css" media="all">
    <style type="text/css">@media screen and (max-width: 768px){.b-panel{padding: 15px;}.b-email-wrap{padding: 0px;}}</style>
</head>
    <body>
        <div class="b-email-wrap" style='background: #ebeef2; padding: 40px 0px; color: #1a2b48; font-size: 14px; font-weight: normal; line-height: 1.5; overflow-x: hidden; margin: 0px; font-family: "Poppins",sans-serif;'>
            <div class="" style="">
    <div class="b-container" style="max-width: 600px; margin: 0px auto;">
        <div class="b-header" style="padding: 30px; color: white; background: #292772;">
                        <h1 class="site-title" style="margin: 0px; display: block; text-align: center;">Rvoize</h1>
        </div>
    </div>
</div>

                <div class="b-container" style="max-width: 600px; margin: 0px auto;">
        <div class="b-panel" style="border: 1px solid rgba(0,0,0,.1); margin-bottom: 30px; padding: 30px; background: white;">
            
            <h1>Hello!</h1>
            <p>Please click the button to verify your email address!</p>
            <p style="text-align: center;"><a href="http://localhost/rvoize/public/email/verify/19/4aaa99a6cb0e34371b7f9295727b9e994f480645?expires=1686983348&amp;signature=bcf3b3af774ced267f2091d7813f4150da7458a67a30dabcca8a68a05ab1c21d" style="border-radius: 3px; color: #fff; display: inline-block; text-decoration: none; background-color: #3490dc; border-top: 10px solid #3490dc; border-right: 18px solid #3490dc; border-bottom: 10px solid #3490dc; border-left: 18px solid #3490dc;">Verify Email Address</a></p>
            <p>If you did not create account, no further action is required.</p>
            <p>Regards,<br>Rvoize</p>
        </div>
    </div>

            <div class="b-footer" style="margin-top: 0px;">
    <div class="b-container" style="max-width: 600px; margin: 0px auto;">
        <p class="" style="text-align: center;">© 2023 Rvoize. All rights reserved</p>
    </div>
</div>        </div>
    </body>
</html>
  
[2023-06-17 05:29:10] production.DEBUG: Message-ID: <4288c3e08d94513a84b12d8ed50c72e4@localhost>
Date: Sat, 17 Jun 2023 05:29:10 +0000
Subject: Hrishikesh D has registered.
From: Rvoize <rvoize1@gmail.com>
To: hrishidhumal77@gmail.com
MIME-Version: 1.0
Content-Type: text/html; charset=utf-8
Content-Transfer-Encoding: quoted-printable

<!DOCTYPE html>
<html xmlns="http://www.w3.org/1999/xhtml" xmlns:v="urn:schemas-microsoft-com:vml" xmlns:o="urn:schemas-microsoft-com:office:office">
    <head>
        <title></title>
        <meta http-equiv="X-UA-Compatible" content="IE=edge">
        <!--<![endif]-->
        <meta http-equiv="Content-Type" content="text/html; charset=UTF-8">
        <meta name="viewport" content="width=device-width, initial-scale=1">
        <link rel="stylesheet" id="google-font-css-css" href="https://fonts.googleapis.com/css?family=Poppins%3A400%2C500%2C600" type="text/css" media="all">
    <style type="text/css">@media screen and (max-width: 768px){.b-panel{padding: 15px;}.b-email-wrap{padding: 0px;}}</style>
</head>
    <body>
        <div class="b-email-wrap" style='background: #ebeef2; padding: 40px 0px; color: #1a2b48; font-size: 14px; font-weight: normal; line-height: 1.5; overflow-x: hidden; margin: 0px; font-family: "Poppins",sans-serif;'>
            <div class="" style="">
    <div class="b-container" style="max-width: 600px; margin: 0px auto;">
        <div class="b-header" style="padding: 30px; color: white; background: #292772;">
                        <h1 class="site-title" style="margin: 0px; display: block; text-align: center;">Rvoize</h1>
        </div>
    </div>
</div>

                <div class="b-container" style="max-width: 600px; margin: 0px auto;">
        <div class="b-panel" style="border: 1px solid rgba(0,0,0,.1); margin-bottom: 30px; padding: 30px; background: white;">
            <h1 style="text-align: center;">Welcome!</h1>
                    <h3>Hello Hrishikesh D</h3>
                    <p>Thank you for signing up with Superio! We hope you enjoy your time with us.</p>
                    <p>Regards,</p>
                    <p>Superio</p>
        </div>
    </div>

            <div class="b-footer" style="margin-top: 0px;">
    <div class="b-container" style="max-width: 600px; margin: 0px auto;">
        <p class="" style="text-align: center;">© 2023 Rvoize. All rights reserved</p>
    </div>
</div>        </div>
    </body>
</html>
  
[2023-06-17 05:29:10] production.DEBUG: Message-ID: <e0dcecd9b45ec2574fedaf003d365f3b@localhost>
Date: Sat, 17 Jun 2023 05:29:10 +0000
Subject: Hrishikesh D has registered.
From: Rvoize <rvoize1@gmail.com>
To: rvoize1@gmail.com
MIME-Version: 1.0
Content-Type: text/html; charset=utf-8
Content-Transfer-Encoding: quoted-printable

<!DOCTYPE html>
<html xmlns="http://www.w3.org/1999/xhtml" xmlns:v="urn:schemas-microsoft-com:vml" xmlns:o="urn:schemas-microsoft-com:office:office">
    <head>
        <title></title>
        <meta http-equiv="X-UA-Compatible" content="IE=edge">
        <!--<![endif]-->
        <meta http-equiv="Content-Type" content="text/html; charset=UTF-8">
        <meta name="viewport" content="width=device-width, initial-scale=1">
        <link rel="stylesheet" id="google-font-css-css" href="https://fonts.googleapis.com/css?family=Poppins%3A400%2C500%2C600" type="text/css" media="all">
    <style type="text/css">@media screen and (max-width: 768px){.b-panel{padding: 15px;}.b-email-wrap{padding: 0px;}}</style>
</head>
    <body>
        <div class="b-email-wrap" style='background: #ebeef2; padding: 40px 0px; color: #1a2b48; font-size: 14px; font-weight: normal; line-height: 1.5; overflow-x: hidden; margin: 0px; font-family: "Poppins",sans-serif;'>
            <div class="" style="">
    <div class="b-container" style="max-width: 600px; margin: 0px auto;">
        <div class="b-header" style="padding: 30px; color: white; background: #292772;">
                        <h1 class="site-title" style="margin: 0px; display: block; text-align: center;">Rvoize</h1>
        </div>
    </div>
</div>

                <div class="b-container" style="max-width: 600px; margin: 0px auto;">
        <div class="b-panel" style="border: 1px solid rgba(0,0,0,.1); margin-bottom: 30px; padding: 30px; background: white;">
            <h3>Hello Administrator</h3>
                    <p>We have new registration</p>
                    <p>Full name: Hrishikesh D</p>
                    <p>Email: hrishidhumal77@gmail.com</p>
                    <p>Regards,</p>
                    <p>Superio</p>
        </div>
    </div>

            <div class="b-footer" style="margin-top: 0px;">
    <div class="b-container" style="max-width: 600px; margin: 0px auto;">
        <p class="" style="text-align: center;">© 2023 Rvoize. All rights reserved</p>
    </div>
</div>        </div>
    </body>
</html>
  
